Using pre-set license
Built from '2021.3/staging' branch; Version is '2021.3.25f1 (68ef2c4f8861) revision 6876972'; Using compiler version '192829333'; Build Type 'Release'
OS: 'Windows 11  (10.0.22621) 64bit Professional' Language: 'en' Physical Memory: 32597 MB
BatchMode: 1, IsHumanControllingUs: 0, StartBugReporterOnCrash: 0, Is64bit: 1, IsPro: 1

COMMAND LINE ARGUMENTS:
C:\Program Files\Unity\Hub\Editor\2021.3.25f1\Editor\Unity.exe
-adb2
-batchMode
-noUpm
-name
AssetImportWorker0
-projectPath
D:/Courses/Unity/Unity GameDev 3D/ProjectBoost_Unity/Project Boost
-logFile
Logs/AssetImportWorker0.log
-srvPort
63238
Successfully changed project path to: D:/Courses/Unity/Unity GameDev 3D/ProjectBoost_Unity/Project Boost
D:/Courses/Unity/Unity GameDev 3D/ProjectBoost_Unity/Project Boost
[UnityMemory] Configuration Parameters - Can be set up in boot.config
    "memorysetup-bucket-allocator-granularity=16"
    "memorysetup-bucket-allocator-bucket-count=8"
    "memorysetup-bucket-allocator-block-size=33554432"
    "memorysetup-bucket-allocator-block-count=8"
    "memorysetup-main-allocator-block-size=16777216"
    "memorysetup-thread-allocator-block-size=16777216"
    "memorysetup-gfx-main-allocator-block-size=16777216"
    "memorysetup-gfx-thread-allocator-block-size=16777216"
    "memorysetup-cache-allocator-block-size=4194304"
    "memorysetup-typetree-allocator-block-size=2097152"
    "memorysetup-profiler-bucket-allocator-granularity=16"
    "memorysetup-profiler-bucket-allocator-bucket-count=8"
    "memorysetup-profiler-bucket-allocator-block-size=33554432"
    "memorysetup-profiler-bucket-allocator-block-count=8"
    "memorysetup-profiler-allocator-block-size=16777216"
    "memorysetup-profiler-editor-allocator-block-size=1048576"
    "memorysetup-temp-allocator-size-main=16777216"
    "memorysetup-job-temp-allocator-block-size=2097152"
    "memorysetup-job-temp-allocator-block-size-background=1048576"
    "memorysetup-job-temp-allocator-reduction-small-platforms=262144"
    "memorysetup-temp-allocator-size-background-worker=32768"
    "memorysetup-temp-allocator-size-job-worker=262144"
    "memorysetup-temp-allocator-size-preload-manager=33554432"
    "memorysetup-temp-allocator-size-nav-mesh-worker=65536"
    "memorysetup-temp-allocator-size-audio-worker=65536"
    "memorysetup-temp-allocator-size-cloud-worker=32768"
    "memorysetup-temp-allocator-size-gi-baking-worker=262144"
    "memorysetup-temp-allocator-size-gfx=262144"
Player connection [18440] Host "[IP] 192.168.1.27 [Port] 0 [Flags] 2 [Guid] 68633083 [EditorId] 68633083 [Version] 1048832 [Id] WindowsEditor(7,Atharv) [Debug] 1 [PackageName] WindowsEditor [ProjectName] Editor" joined multi-casting on [225.0.0.222:54997]...

Player connection [18440] Host "[IP] 192.168.1.27 [Port] 0 [Flags] 2 [Guid] 68633083 [EditorId] 68633083 [Version] 1048832 [Id] WindowsEditor(7,Atharv) [Debug] 1 [PackageName] WindowsEditor [ProjectName] Editor" joined alternative multi-casting on [225.0.0.222:34997]...

Refreshing native plugins compatible for Editor in 70.17 ms, found 3 plugins.
Preloading 0 native plugins for Editor in 0.00 ms.
Initialize engine version: 2021.3.25f1 (68ef2c4f8861)
[Subsystems] Discovering subsystems at path C:/Program Files/Unity/Hub/Editor/2021.3.25f1/Editor/Data/Resources/UnitySubsystems
[Subsystems] Discovering subsystems at path D:/Courses/Unity/Unity GameDev 3D/ProjectBoost_Unity/Project Boost/Assets
GfxDevice: creating device client; threaded=0; jobified=0
Direct3D:
    Version:  Direct3D 11.0 [level 11.1]
    Renderer: NVIDIA Quadro P2200 (ID=0x1c31)
    Vendor:   NVIDIA
    VRAM:     5022 MB
    Driver:   31.0.15.2727
Initialize mono
Mono path[0] = 'C:/Program Files/Unity/Hub/Editor/2021.3.25f1/Editor/Data/Managed'
Mono path[1] = 'C:/Program Files/Unity/Hub/Editor/2021.3.25f1/Editor/Data/MonoBleedingEdge/lib/mono/unityjit-win32'
Mono config path = 'C:/Program Files/Unity/Hub/Editor/2021.3.25f1/Editor/Data/MonoBleedingEdge/etc'
Using monoOptions --debugger-agent=transport=dt_socket,embedding=1,server=y,suspend=n,address=127.0.0.1:56696
Begin MonoManager ReloadAssembly
Registering precompiled unity dll's ...
Register platform support module: C:/Program Files/Unity/Hub/Editor/2021.3.25f1/Editor/Data/PlaybackEngines/WebGLSupport/UnityEditor.WebGL.Extensions.dll
Register platform support module: C:/Program Files/Unity/Hub/Editor/2021.3.25f1/Editor/Data/PlaybackEngines/WindowsStandaloneSupport/UnityEditor.WindowsStandalone.Extensions.dll
Registered in 0.004992 seconds.
Native extension for WindowsStandalone target not found
Native extension for WebGL target not found
Refreshing native plugins compatible for Editor in 67.70 ms, found 3 plugins.
Preloading 0 native plugins for Editor in 0.00 ms.
Mono: successfully reloaded assembly
- Completed reload, in  0.591 seconds
Domain Reload Profiling:
	ReloadAssembly (592ms)
		BeginReloadAssembly (81ms)
			ExecutionOrderSort (0ms)
			DisableScriptedObjects (0ms)
			BackupInstance (0ms)
			ReleaseScriptingObjects (0ms)
			CreateAndSetChildDomain (1ms)
		EndReloadAssembly (418ms)
			LoadAssemblies (80ms)
			RebuildTransferFunctionScriptingTraits (0ms)
			SetupTypeCache (102ms)
			ReleaseScriptCaches (0ms)
			RebuildScriptCaches (28ms)
			SetupLoadedEditorAssemblies (241ms)
				LogAssemblyErrors (0ms)
				InitializePlatformSupportModulesInManaged (8ms)
				SetLoadedEditorAssemblies (0ms)
				RefreshPlugins (68ms)
				BeforeProcessingInitializeOnLoad (1ms)
				ProcessInitializeOnLoadAttributes (118ms)
				ProcessInitializeOnLoadMethodAttributes (45ms)
				AfterProcessingInitializeOnLoad (0ms)
				EditorAssembliesLoaded (0ms)
			ExecutionOrderSort2 (0ms)
			AwakeInstancesAfterBackupRestoration (0ms)
Platform modules already initialized, skipping
Registering precompiled user dll's ...
Registered in 0.004129 seconds.
Begin MonoManager ReloadAssembly
Symbol file LoadedFromMemory doesn't match image D:\Courses\Unity\Unity GameDev 3D\ProjectBoost_Unity\Project Boost\Library\PackageCache\com.unity.visualscripting@1.8.0\Editor\VisualScripting.Core\Dependencies\YamlDotNet\Unity.VisualScripting.YamlDotNet.dll
Symbol file LoadedFromMemory doesn't match image D:\Courses\Unity\Unity GameDev 3D\ProjectBoost_Unity\Project Boost\Library\PackageCache\com.unity.visualscripting@1.8.0\Editor\VisualScripting.Core\Dependencies\DotNetZip\Unity.VisualScripting.IonicZip.dll
Native extension for WindowsStandalone target not found
Native extension for WebGL target not found
Refreshing native plugins compatible for Editor in 0.44 ms, found 3 plugins.
Preloading 0 native plugins for Editor in 0.00 ms.
Mono: successfully reloaded assembly
- Completed reload, in  0.924 seconds
Domain Reload Profiling:
	ReloadAssembly (925ms)
		BeginReloadAssembly (115ms)
			ExecutionOrderSort (0ms)
			DisableScriptedObjects (6ms)
			BackupInstance (0ms)
			ReleaseScriptingObjects (0ms)
			CreateAndSetChildDomain (18ms)
		EndReloadAssembly (710ms)
			LoadAssemblies (80ms)
			RebuildTransferFunctionScriptingTraits (0ms)
			SetupTypeCache (251ms)
			ReleaseScriptCaches (1ms)
			RebuildScriptCaches (47ms)
			SetupLoadedEditorAssemblies (307ms)
				LogAssemblyErrors (0ms)
				InitializePlatformSupportModulesInManaged (6ms)
				SetLoadedEditorAssemblies (0ms)
				RefreshPlugins (0ms)
				BeforeProcessingInitializeOnLoad (71ms)
				ProcessInitializeOnLoadAttributes (204ms)
				ProcessInitializeOnLoadMethodAttributes (18ms)
				AfterProcessingInitializeOnLoad (6ms)
				EditorAssembliesLoaded (0ms)
			ExecutionOrderSort2 (0ms)
			AwakeInstancesAfterBackupRestoration (6ms)
Platform modules already initialized, skipping
========================================================================
Worker process is ready to serve import requests
Launched and connected shader compiler UnityShaderCompiler.exe after 0.04 seconds
Refreshing native plugins compatible for Editor in 0.44 ms, found 3 plugins.
Preloading 0 native plugins for Editor in 0.00 ms.
Unloading 3049 Unused Serialized files (Serialized files now loaded: 0)
Unloading 24 unused Assets / (113.4 KB). Loaded Objects now: 3509.
Memory consumption went from 107.6 MB to 107.5 MB.
Total: 2.882000 ms (FindLiveObjects: 0.250200 ms CreateObjectMapping: 0.177700 ms MarkObjects: 2.361600 ms  DeleteObjects: 0.091600 ms)

AssetImportParameters requested are different than current active one (requested -> active):
  custom:video-decoder-ogg-theora: a1e56fd34408186e4bbccfd4996cb3dc -> 
  custom:container-muxer-webm: aa71ff27fc2769a1b78a27578f13a17b -> 
  custom:container-demuxer-webm: 4f35f7cbe854078d1ac9338744f61a02 -> 
  custom:video-encoder-webm-vp8: eb34c28f22e8b96e1ab97ce403110664 -> 
  custom:audio-encoder-webm-vorbis: bf7c407c2cedff20999df2af8eb42d56 -> 
  custom:framework-win-MediaFoundation: 216162199b28c13a410421893ffa2e32 -> 
  custom:container-demuxer-ogg: 62fdf1f143b41e24485cea50d1cbac27 -> 
  custom:video-decoder-webm-vp8: 9c59270c3fd7afecdb556c50c9e8de78 -> 
  custom:audio-decoder-ogg-vorbis: bf7c407c2cedff20999df2af8eb42d56 -> 
========================================================================
Received Import Request.
  Time since last request: 56427.539504 seconds.
  path: Assets
  artifactKey: Guid(00000000000000001000000000000000) Importer(815301076,1909f56bfc062723c751e8b465ee728b)
Start importing Assets using Guid(00000000000000001000000000000000) Importer(815301076,1909f56bfc062723c751e8b465ee728b)  -> (artifact id: '79842766b460edbeab6a34051e857a80') in 0.010061 seconds 
========================================================================
Received Import Request.
  Time since last request: 4.413212 seconds.
  path: Assets/Material
  artifactKey: Guid(87bb614e17e8a174296d1a3d89aad9b2) Importer(815301076,1909f56bfc062723c751e8b465ee728b)
Start importing Assets/Material using Guid(87bb614e17e8a174296d1a3d89aad9b2) Importer(815301076,1909f56bfc062723c751e8b465ee728b)  -> (artifact id: '6c15d64eb6c44d45bbc8e31f1cdf2f0c') in 0.008110 seconds 
========================================================================
Received Import Request.
  Time since last request: 10.012418 seconds.
  path: Assets/Material/M_Ground.mat
  artifactKey: Guid(b05c6a399ee796f4ebc8168b102ccdf5) Importer(815301076,1909f56bfc062723c751e8b465ee728b)
Start importing Assets/Material/M_Ground.mat using Guid(b05c6a399ee796f4ebc8168b102ccdf5) Importer(815301076,1909f56bfc062723c751e8b465ee728b)  -> (artifact id: 'e42bfeef45b400e09facf2231ede01da') in 0.201011 seconds 
========================================================================
Received Import Request.
  Time since last request: 203.782108 seconds.
  path: Assets/Material/M_Ground.mat
  artifactKey: Guid(b05c6a399ee796f4ebc8168b102ccdf5) Importer(815301076,1909f56bfc062723c751e8b465ee728b)
Start importing Assets/Material/M_Ground.mat using Guid(b05c6a399ee796f4ebc8168b102ccdf5) Importer(815301076,1909f56bfc062723c751e8b465ee728b)  -> (artifact id: 'a8d543ae19654cdc14b8ecf80a317530') in 0.011818 seconds 
========================================================================
Received Import Request.
  Time since last request: 291.057516 seconds.
  path: Assets/Material/M_LauncPad.mat
  artifactKey: Guid(45cf41d4ec74c1d44bb2b91df2a9d549) Importer(815301076,1909f56bfc062723c751e8b465ee728b)
Start importing Assets/Material/M_LauncPad.mat using Guid(45cf41d4ec74c1d44bb2b91df2a9d549) Importer(815301076,1909f56bfc062723c751e8b465ee728b)  -> (artifact id: '2b103b0d4849f081402483a8cae30dee') in 0.013736 seconds 
========================================================================
Received Import Request.
  Time since last request: 29.419247 seconds.
  path: Assets/Material/M_LauncPad.mat
  artifactKey: Guid(45cf41d4ec74c1d44bb2b91df2a9d549) Importer(815301076,1909f56bfc062723c751e8b465ee728b)
Start importing Assets/Material/M_LauncPad.mat using Guid(45cf41d4ec74c1d44bb2b91df2a9d549) Importer(815301076,1909f56bfc062723c751e8b465ee728b)  -> (artifact id: 'f1192a635887f839d788a8c8cd4cca25') in 0.012986 seconds 
========================================================================
Received Import Request.
  Time since last request: 49.611556 seconds.
  path: Assets/Prefabs
  artifactKey: Guid(dd74abb2b1b422c49a0125069c65a660) Importer(815301076,1909f56bfc062723c751e8b465ee728b)
Start importing Assets/Prefabs using Guid(dd74abb2b1b422c49a0125069c65a660) Importer(815301076,1909f56bfc062723c751e8b465ee728b)  -> (artifact id: '21f14a92f14c4df0632f9aae8ec436b8') in 0.006735 seconds 
========================================================================
Received Import Request.
  Time since last request: 4.161051 seconds.
  path: Assets/Prefabs/Ground.prefab
  artifactKey: Guid(d89d6b417edf2104cb5ca578491c343c) Importer(815301076,1909f56bfc062723c751e8b465ee728b)
Start importing Assets/Prefabs/Ground.prefab using Guid(d89d6b417edf2104cb5ca578491c343c) Importer(815301076,1909f56bfc062723c751e8b465ee728b)  -> (artifact id: 'b335783d0a7349fc0f02fe3f5f88426f') in 0.023108 seconds 
========================================================================
Received Import Request.
  Time since last request: 14.221255 seconds.
  path: Assets/Prefabs/LaunchPad.prefab
  artifactKey: Guid(a2734b1c36edacf418e3ef97ecfd751e) Importer(815301076,1909f56bfc062723c751e8b465ee728b)
Start importing Assets/Prefabs/LaunchPad.prefab using Guid(a2734b1c36edacf418e3ef97ecfd751e) Importer(815301076,1909f56bfc062723c751e8b465ee728b)  -> (artifact id: 'a15a816b5243c9c6b47d7a3617723c95') in 0.010075 seconds 
========================================================================
Received Import Request.
  Time since last request: 765.849315 seconds.
  path: Assets/Material/M_LauncPad 1.mat
  artifactKey: Guid(21db54553816aba4e9e012d36ac6b719) Importer(815301076,1909f56bfc062723c751e8b465ee728b)
Start importing Assets/Material/M_LauncPad 1.mat using Guid(21db54553816aba4e9e012d36ac6b719) Importer(815301076,1909f56bfc062723c751e8b465ee728b)  -> (artifact id: '42537cdab395c399f2c8b9b8c0c99426') in 0.014466 seconds 
========================================================================
Received Import Request.
  Time since last request: 21.291479 seconds.
  path: Assets/Material/M_LandingPad.mat
  artifactKey: Guid(21db54553816aba4e9e012d36ac6b719) Importer(815301076,1909f56bfc062723c751e8b465ee728b)
Start importing Assets/Material/M_LandingPad.mat using Guid(21db54553816aba4e9e012d36ac6b719) Importer(815301076,1909f56bfc062723c751e8b465ee728b)  -> (artifact id: '757b22fe6fec120d7f7190096fcfbfe4') in 0.011841 seconds 
========================================================================
Received Import Request.
  Time since last request: 38.242009 seconds.
  path: Assets/Material/M_LandingPad.mat
  artifactKey: Guid(21db54553816aba4e9e012d36ac6b719) Importer(815301076,1909f56bfc062723c751e8b465ee728b)
Start importing Assets/Material/M_LandingPad.mat using Guid(21db54553816aba4e9e012d36ac6b719) Importer(815301076,1909f56bfc062723c751e8b465ee728b)  -> (artifact id: 'dfd4157047eccf18149acc2f1d7b88d8') in 0.016356 seconds 
========================================================================
Received Import Request.
  Time since last request: 230.107413 seconds.
  path: Assets/Material/M_LandingPad.mat
  artifactKey: Guid(21db54553816aba4e9e012d36ac6b719) Importer(815301076,1909f56bfc062723c751e8b465ee728b)
Start importing Assets/Material/M_LandingPad.mat using Guid(21db54553816aba4e9e012d36ac6b719) Importer(815301076,1909f56bfc062723c751e8b465ee728b)  -> (artifact id: '3f3da8787ec5e1ab363d42a907f6a1c2') in 0.011584 seconds 
========================================================================
Received Import Request.
  Time since last request: 97.094099 seconds.
  path: Assets/Material/M_LauncPad 1.mat
  artifactKey: Guid(d276c4fb5f3f7e54cad086216a740020) Importer(815301076,1909f56bfc062723c751e8b465ee728b)
Start importing Assets/Material/M_LauncPad 1.mat using Guid(d276c4fb5f3f7e54cad086216a740020) Importer(815301076,1909f56bfc062723c751e8b465ee728b)  -> (artifact id: 'f21ddc5301a44b07933b73e0043a127c') in 0.017096 seconds 
========================================================================
Received Import Request.
  Time since last request: 66.234099 seconds.
  path: Assets/Material/M_Rocket.mat
  artifactKey: Guid(d276c4fb5f3f7e54cad086216a740020) Importer(815301076,1909f56bfc062723c751e8b465ee728b)
Start importing Assets/Material/M_Rocket.mat using Guid(d276c4fb5f3f7e54cad086216a740020) Importer(815301076,1909f56bfc062723c751e8b465ee728b)  -> (artifact id: '683e00be94cd0cd468c43697505c82a1') in 0.011107 seconds 
========================================================================
Received Import Request.
  Time since last request: 53.145974 seconds.
  path: Assets/Material/M_Rocket.mat
  artifactKey: Guid(d276c4fb5f3f7e54cad086216a740020) Importer(815301076,1909f56bfc062723c751e8b465ee728b)
Start importing Assets/Material/M_Rocket.mat using Guid(d276c4fb5f3f7e54cad086216a740020) Importer(815301076,1909f56bfc062723c751e8b465ee728b)  -> (artifact id: 'c932f3a6f439718936f61ec6427ed63c') in 0.010549 seconds 
========================================================================
Received Import Request.
  Time since last request: 42.650821 seconds.
  path: Assets/Prefabs/Rocket.prefab
  artifactKey: Guid(9d7eebb321c3f8c45bc68dbaf26ae238) Importer(815301076,1909f56bfc062723c751e8b465ee728b)
Start importing Assets/Prefabs/Rocket.prefab using Guid(9d7eebb321c3f8c45bc68dbaf26ae238) Importer(815301076,1909f56bfc062723c751e8b465ee728b)  -> (artifact id: 'e9260471c5b53ac15cbabe9a9f7ac5e1') in 0.010133 seconds 
========================================================================
Received Import Request.
  Time since last request: 75.101454 seconds.
  path: Assets/Prefabs/Rocket.prefab
  artifactKey: Guid(9d7eebb321c3f8c45bc68dbaf26ae238) Importer(815301076,1909f56bfc062723c751e8b465ee728b)
Start importing Assets/Prefabs/Rocket.prefab using Guid(9d7eebb321c3f8c45bc68dbaf26ae238) Importer(815301076,1909f56bfc062723c751e8b465ee728b)  -> (artifact id: '95d0cbfbd42bd9d60321c271a7db5363') in 0.010363 seconds 
========================================================================
Received Import Request.
  Time since last request: 42.873141 seconds.
  path: Assets/Scenes/SampleScene.unity
  artifactKey: Guid(9fc0d4010bbf28b4594072e72b8655ab) Importer(815301076,1909f56bfc062723c751e8b465ee728b)
Start importing Assets/Scenes/SampleScene.unity using Guid(9fc0d4010bbf28b4594072e72b8655ab) Importer(815301076,1909f56bfc062723c751e8b465ee728b)  -> (artifact id: '89758fae3a894758785f1c9730b1439b') in 0.008746 seconds 
========================================================================
Received Import Request.
  Time since last request: 10.118810 seconds.
  path: Assets/Scenes/Sanbox.unity
  artifactKey: Guid(9fc0d4010bbf28b4594072e72b8655ab) Importer(815301076,1909f56bfc062723c751e8b465ee728b)
Start importing Assets/Scenes/Sanbox.unity using Guid(9fc0d4010bbf28b4594072e72b8655ab) Importer(815301076,1909f56bfc062723c751e8b465ee728b)  -> (artifact id: '2f73b7f938404e6f8afddd8a3ba37750') in 0.006471 seconds 
========================================================================
Received Import Request.
  Time since last request: 179.853932 seconds.
  path: Assets/Scripts
  artifactKey: Guid(156ae61c693ac284882278b56a30098d) Importer(815301076,1909f56bfc062723c751e8b465ee728b)
Start importing Assets/Scripts using Guid(156ae61c693ac284882278b56a30098d) Importer(815301076,1909f56bfc062723c751e8b465ee728b)  -> (artifact id: '9f5ee088e394d571cba38bd104fb3117') in 0.006734 seconds 
========================================================================
Received Import Request.
  Time since last request: 9.522704 seconds.
  path: Assets/Scripts/Movement.cs
  artifactKey: Guid(0823ac1ae5a3d454c849211b7d58d627) Importer(815301076,1909f56bfc062723c751e8b465ee728b)
Start importing Assets/Scripts/Movement.cs using Guid(0823ac1ae5a3d454c849211b7d58d627) Importer(815301076,1909f56bfc062723c751e8b465ee728b)  -> (artifact id: '6825b97d6b94c7e198a149042b47fa83') in 0.018507 seconds 
========================================================================
Received Prepare
Registering precompiled user dll's ...
Registered in 0.002500 seconds.
Begin MonoManager ReloadAssembly
Symbol file LoadedFromMemory doesn't match image D:\Courses\Unity\Unity GameDev 3D\ProjectBoost_Unity\Project Boost\Library\PackageCache\com.unity.visualscripting@1.8.0\Editor\VisualScripting.Core\Dependencies\YamlDotNet\Unity.VisualScripting.YamlDotNet.dll
Symbol file LoadedFromMemory doesn't match image D:\Courses\Unity\Unity GameDev 3D\ProjectBoost_Unity\Project Boost\Library\PackageCache\com.unity.visualscripting@1.8.0\Editor\VisualScripting.Core\Dependencies\DotNetZip\Unity.VisualScripting.IonicZip.dll
Native extension for WindowsStandalone target not found
Native extension for WebGL target not found
Refreshing native plugins compatible for Editor in 0.45 ms, found 3 plugins.
Preloading 0 native plugins for Editor in 0.00 ms.
Mono: successfully reloaded assembly
- Completed reload, in  0.894 seconds
Domain Reload Profiling:
	ReloadAssembly (895ms)
		BeginReloadAssembly (132ms)
			ExecutionOrderSort (0ms)
			DisableScriptedObjects (4ms)
			BackupInstance (0ms)
			ReleaseScriptingObjects (0ms)
			CreateAndSetChildDomain (33ms)
		EndReloadAssembly (677ms)
			LoadAssemblies (82ms)
			RebuildTransferFunctionScriptingTraits (0ms)
			SetupTypeCache (268ms)
			ReleaseScriptCaches (1ms)
			RebuildScriptCaches (38ms)
			SetupLoadedEditorAssemblies (261ms)
				LogAssemblyErrors (0ms)
				InitializePlatformSupportModulesInManaged (6ms)
				SetLoadedEditorAssemblies (0ms)
				RefreshPlugins (1ms)
				BeforeProcessingInitializeOnLoad (56ms)
				ProcessInitializeOnLoadAttributes (175ms)
				ProcessInitializeOnLoadMethodAttributes (19ms)
				AfterProcessingInitializeOnLoad (5ms)
				EditorAssembliesLoaded (0ms)
			ExecutionOrderSort2 (0ms)
			AwakeInstancesAfterBackupRestoration (6ms)
Platform modules already initialized, skipping
Refreshing native plugins compatible for Editor in 1.19 ms, found 3 plugins.
Preloading 0 native plugins for Editor in 0.00 ms.
Unloading 3045 Unused Serialized files (Serialized files now loaded: 0)
Unloading 17 unused Assets / (79.9 KB). Loaded Objects now: 3555.
Memory consumption went from 112.1 MB to 112.1 MB.
Total: 2.584300 ms (FindLiveObjects: 0.223700 ms CreateObjectMapping: 0.110800 ms MarkObjects: 2.171600 ms  DeleteObjects: 0.077500 ms)

AssetImportParameters requested are different than current active one (requested -> active):
  custom:video-decoder-ogg-theora: a1e56fd34408186e4bbccfd4996cb3dc -> 
  custom:container-muxer-webm: aa71ff27fc2769a1b78a27578f13a17b -> 
  custom:container-demuxer-webm: 4f35f7cbe854078d1ac9338744f61a02 -> 
  custom:video-encoder-webm-vp8: eb34c28f22e8b96e1ab97ce403110664 -> 
  custom:audio-encoder-webm-vorbis: bf7c407c2cedff20999df2af8eb42d56 -> 
  custom:framework-win-MediaFoundation: 216162199b28c13a410421893ffa2e32 -> 
  custom:container-demuxer-ogg: 62fdf1f143b41e24485cea50d1cbac27 -> 
  custom:video-decoder-webm-vp8: 9c59270c3fd7afecdb556c50c9e8de78 -> 
  custom:audio-decoder-ogg-vorbis: bf7c407c2cedff20999df2af8eb42d56 -> 
